25-Jan-2021 16:56:04.991 INFO [main] org.apache.catalina.startup.VersionLoggerListener.log 서버 버전 이름:    Apache Tomcat/9.0.41
25-Jan-2021 16:56:05.003 INFO [main] org.apache.catalina.startup.VersionLoggerListener.log Server 빌드 시각:  Dec 3 2020 11:43:00 UTC
25-Jan-2021 16:56:05.004 INFO [main] org.apache.catalina.startup.VersionLoggerListener.log Server 버전 번호:  9.0.41.0
25-Jan-2021 16:56:05.004 INFO [main] org.apache.catalina.startup.VersionLoggerListener.log 운영체제 이름:     Windows 10
25-Jan-2021 16:56:05.005 INFO [main] org.apache.catalina.startup.VersionLoggerListener.log 운영체제 버전:     10.0
25-Jan-2021 16:56:05.006 INFO [main] org.apache.catalina.startup.VersionLoggerListener.log 아키텍처:          amd64
25-Jan-2021 16:56:05.006 INFO [main] org.apache.catalina.startup.VersionLoggerListener.log 자바 홈:           C:\Program Files\Java\jdk-14.0.1
25-Jan-2021 16:56:05.007 INFO [main] org.apache.catalina.startup.VersionLoggerListener.log JVM 버전:          14.0.1+7
25-Jan-2021 16:56:05.007 INFO [main] org.apache.catalina.startup.VersionLoggerListener.log JVM 벤더:          Oracle Corporation
25-Jan-2021 16:56:05.008 INFO [main] org.apache.catalina.startup.VersionLoggerListener.log CATALINA_BASE:     C:\JSP\apache-tomcat-9.0.41
25-Jan-2021 16:56:05.008 INFO [main] org.apache.catalina.startup.VersionLoggerListener.log CATALINA_HOME:     C:\JSP\apache-tomcat-9.0.41
25-Jan-2021 16:56:05.037 INFO [main] org.apache.catalina.startup.VersionLoggerListener.log 명령 행 아규먼트:  --add-opens=java.base/java.lang=ALL-UNNAMED
25-Jan-2021 16:56:05.043 INFO [main] org.apache.catalina.startup.VersionLoggerListener.log 명령 행 아규먼트:  --add-opens=java.base/java.io=ALL-UNNAMED
25-Jan-2021 16:56:05.050 INFO [main] org.apache.catalina.startup.VersionLoggerListener.log 명령 행 아규먼트:  --add-opens=java.rmi/sun.rmi.transport=ALL-UNNAMED
25-Jan-2021 16:56:05.053 INFO [main] org.apache.catalina.startup.VersionLoggerListener.log 명령 행 아규먼트:  -Djava.util.logging.config.file=C:\JSP\apache-tomcat-9.0.41\conf\logging.properties
25-Jan-2021 16:56:05.054 INFO [main] org.apache.catalina.startup.VersionLoggerListener.log 명령 행 아규먼트:  -Djava.util.logging.manager=org.apache.juli.ClassLoaderLogManager
25-Jan-2021 16:56:05.059 INFO [main] org.apache.catalina.startup.VersionLoggerListener.log 명령 행 아규먼트:  -Djdk.tls.ephemeralDHKeySize=2048
25-Jan-2021 16:56:05.065 INFO [main] org.apache.catalina.startup.VersionLoggerListener.log 명령 행 아규먼트:  -Djava.protocol.handler.pkgs=org.apache.catalina.webresources
25-Jan-2021 16:56:05.071 INFO [main] org.apache.catalina.startup.VersionLoggerListener.log 명령 행 아규먼트:  -Dignore.endorsed.dirs=
25-Jan-2021 16:56:05.075 INFO [main] org.apache.catalina.startup.VersionLoggerListener.log 명령 행 아규먼트:  -Dcatalina.base=C:\JSP\apache-tomcat-9.0.41
25-Jan-2021 16:56:05.081 INFO [main] org.apache.catalina.startup.VersionLoggerListener.log 명령 행 아규먼트:  -Dcatalina.home=C:\JSP\apache-tomcat-9.0.41
25-Jan-2021 16:56:05.084 INFO [main] org.apache.catalina.startup.VersionLoggerListener.log 명령 행 아규먼트:  -Djava.io.tmpdir=C:\JSP\apache-tomcat-9.0.41\temp
25-Jan-2021 16:56:05.099 INFO [main] org.apache.catalina.core.AprLifecycleListener.lifecycleEvent APR 버전 [1.7.0]을(를) 사용한, APR 기반 Apache Tomcat Native 라이브러리 [1.2.25]을(를) 로드했습니다.
25-Jan-2021 16:56:05.111 INFO [main] org.apache.catalina.core.AprLifecycleListener.lifecycleEvent APR 용량정보들: IPv6 [true], sendfile [true], accept filters [false], random [true].
25-Jan-2021 16:56:05.118 INFO [main] org.apache.catalina.core.AprLifecycleListener.lifecycleEvent APR/OpenSSL 설정: useAprConnector [false], useOpenSSL [true]
25-Jan-2021 16:56:05.134 INFO [main] org.apache.catalina.core.AprLifecycleListener.initializeSSL OpenSSL이 성공적으로 초기화되었습니다: [OpenSSL 1.1.1g  21 Apr 2020]
25-Jan-2021 16:56:05.666 INFO [main] org.apache.coyote.AbstractProtocol.init 프로토콜 핸들러 ["http-nio-8080"]을(를) 초기화합니다.
25-Jan-2021 16:56:06.031 INFO [main] org.apache.catalina.startup.Catalina.load [1480] 밀리초 내에 서버가 초기화되었습니다.
25-Jan-2021 16:56:06.185 INFO [main] org.apache.catalina.core.StandardService.startInternal 서비스 [Catalina]을(를) 시작합니다.
25-Jan-2021 16:56:06.193 INFO [main] org.apache.catalina.core.StandardEngine.startInternal 서버 엔진을 시작합니다: [Apache Tomcat/9.0.41]
25-Jan-2021 16:56:06.216 INFO [main] org.apache.catalina.startup.HostConfig.deployDirectory 웹 애플리케이션 디렉토리 [C:\JSP\apache-tomcat-9.0.41\webapps\docs]을(를) 배치합니다.
25-Jan-2021 16:56:07.099 WARNING [main] org.apache.catalina.util.SessionIdGeneratorBase.createSecureRandom [SHA1PRNG] 알고리즘을 사용하여, 세션 ID를 생성하기 위한 SecureRandom 객체를 생성하는데, [250] 밀리초가 소요됐습니다.
25-Jan-2021 16:56:07.188 INFO [main] org.apache.catalina.startup.HostConfig.deployDirectory 웹 애플리케이션 디렉토리 [C:\JSP\apache-tomcat-9.0.41\webapps\docs]에 대한 배치가 [972] 밀리초에 완료되었습니다.
25-Jan-2021 16:56:07.197 INFO [main] org.apache.catalina.startup.HostConfig.deployDirectory 웹 애플리케이션 디렉토리 [C:\JSP\apache-tomcat-9.0.41\webapps\examples]을(를) 배치합니다.
25-Jan-2021 16:56:08.410 INFO [main] org.apache.catalina.startup.HostConfig.deployDirectory 웹 애플리케이션 디렉토리 [C:\JSP\apache-tomcat-9.0.41\webapps\examples]에 대한 배치가 [1,212] 밀리초에 완료되었습니다.
25-Jan-2021 16:56:08.421 INFO [main] org.apache.catalina.startup.HostConfig.deployDirectory 웹 애플리케이션 디렉토리 [C:\JSP\apache-tomcat-9.0.41\webapps\host-manager]을(를) 배치합니다.
25-Jan-2021 16:56:08.583 INFO [main] org.apache.catalina.startup.HostConfig.deployDirectory 웹 애플리케이션 디렉토리 [C:\JSP\apache-tomcat-9.0.41\webapps\host-manager]에 대한 배치가 [161] 밀리초에 완료되었습니다.
25-Jan-2021 16:56:08.615 INFO [main] org.apache.catalina.startup.HostConfig.deployDirectory 웹 애플리케이션 디렉토리 [C:\JSP\apache-tomcat-9.0.41\webapps\manager]을(를) 배치합니다.
25-Jan-2021 16:56:08.729 INFO [main] org.apache.catalina.startup.HostConfig.deployDirectory 웹 애플리케이션 디렉토리 [C:\JSP\apache-tomcat-9.0.41\webapps\manager]에 대한 배치가 [113] 밀리초에 완료되었습니다.
25-Jan-2021 16:56:08.737 INFO [main] org.apache.catalina.startup.HostConfig.deployDirectory 웹 애플리케이션 디렉토리 [C:\JSP\apache-tomcat-9.0.41\webapps\ROOT]을(를) 배치합니다.
25-Jan-2021 16:56:08.813 INFO [main] org.apache.catalina.startup.HostConfig.deployDirectory 웹 애플리케이션 디렉토리 [C:\JSP\apache-tomcat-9.0.41\webapps\ROOT]에 대한 배치가 [76] 밀리초에 완료되었습니다.
25-Jan-2021 16:56:08.830 INFO [main] org.apache.coyote.AbstractProtocol.start 프로토콜 핸들러 ["http-nio-8080"]을(를) 시작합니다.
25-Jan-2021 16:56:08.862 INFO [main] org.apache.catalina.startup.Catalina.start 서버가 [2814] 밀리초 내에 시작되었습니다.
