20-Jan-2021 15:51:18.531 INFO [main] org.apache.catalina.startup.VersionLoggerListener.log 서버 버전 이름:    Apache Tomcat/9.0.41
20-Jan-2021 15:51:18.543 INFO [main] org.apache.catalina.startup.VersionLoggerListener.log Server 빌드 시각:  Dec 3 2020 11:43:00 UTC
20-Jan-2021 15:51:18.544 INFO [main] org.apache.catalina.startup.VersionLoggerListener.log Server 버전 번호:  9.0.41.0
20-Jan-2021 15:51:18.544 INFO [main] org.apache.catalina.startup.VersionLoggerListener.log 운영체제 이름:     Windows 10
20-Jan-2021 15:51:18.545 INFO [main] org.apache.catalina.startup.VersionLoggerListener.log 운영체제 버전:     10.0
20-Jan-2021 15:51:18.545 INFO [main] org.apache.catalina.startup.VersionLoggerListener.log 아키텍처:          amd64
20-Jan-2021 15:51:18.546 INFO [main] org.apache.catalina.startup.VersionLoggerListener.log 자바 홈:           C:\Program Files\Java\jdk-14.0.1
20-Jan-2021 15:51:18.546 INFO [main] org.apache.catalina.startup.VersionLoggerListener.log JVM 버전:          14.0.1+7
20-Jan-2021 15:51:18.547 INFO [main] org.apache.catalina.startup.VersionLoggerListener.log JVM 벤더:          Oracle Corporation
20-Jan-2021 15:51:18.547 INFO [main] org.apache.catalina.startup.VersionLoggerListener.log CATALINA_BASE:     C:\JSP\apache-tomcat-9.0.41
20-Jan-2021 15:51:18.547 INFO [main] org.apache.catalina.startup.VersionLoggerListener.log CATALINA_HOME:     C:\JSP\apache-tomcat-9.0.41
20-Jan-2021 15:51:18.583 INFO [main] org.apache.catalina.startup.VersionLoggerListener.log 명령 행 아규먼트:  --add-opens=java.base/java.lang=ALL-UNNAMED
20-Jan-2021 15:51:18.587 INFO [main] org.apache.catalina.startup.VersionLoggerListener.log 명령 행 아규먼트:  --add-opens=java.base/java.io=ALL-UNNAMED
20-Jan-2021 15:51:18.599 INFO [main] org.apache.catalina.startup.VersionLoggerListener.log 명령 행 아규먼트:  --add-opens=java.rmi/sun.rmi.transport=ALL-UNNAMED
20-Jan-2021 15:51:18.602 INFO [main] org.apache.catalina.startup.VersionLoggerListener.log 명령 행 아규먼트:  -Djava.util.logging.config.file=C:\JSP\apache-tomcat-9.0.41\conf\logging.properties
20-Jan-2021 15:51:18.605 INFO [main] org.apache.catalina.startup.VersionLoggerListener.log 명령 행 아규먼트:  -Djava.util.logging.manager=org.apache.juli.ClassLoaderLogManager
20-Jan-2021 15:51:18.610 INFO [main] org.apache.catalina.startup.VersionLoggerListener.log 명령 행 아규먼트:  -Djdk.tls.ephemeralDHKeySize=2048
20-Jan-2021 15:51:18.615 INFO [main] org.apache.catalina.startup.VersionLoggerListener.log 명령 행 아규먼트:  -Djava.protocol.handler.pkgs=org.apache.catalina.webresources
20-Jan-2021 15:51:18.618 INFO [main] org.apache.catalina.startup.VersionLoggerListener.log 명령 행 아규먼트:  -Dignore.endorsed.dirs=
20-Jan-2021 15:51:18.619 INFO [main] org.apache.catalina.startup.VersionLoggerListener.log 명령 행 아규먼트:  -Dcatalina.base=C:\JSP\apache-tomcat-9.0.41
20-Jan-2021 15:51:18.623 INFO [main] org.apache.catalina.startup.VersionLoggerListener.log 명령 행 아규먼트:  -Dcatalina.home=C:\JSP\apache-tomcat-9.0.41
20-Jan-2021 15:51:18.628 INFO [main] org.apache.catalina.startup.VersionLoggerListener.log 명령 행 아규먼트:  -Djava.io.tmpdir=C:\JSP\apache-tomcat-9.0.41\temp
20-Jan-2021 15:51:18.638 INFO [main] org.apache.catalina.core.AprLifecycleListener.lifecycleEvent APR 버전 [1.7.0]을(를) 사용한, APR 기반 Apache Tomcat Native 라이브러리 [1.2.25]을(를) 로드했습니다.
20-Jan-2021 15:51:18.644 INFO [main] org.apache.catalina.core.AprLifecycleListener.lifecycleEvent APR 용량정보들: IPv6 [true], sendfile [true], accept filters [false], random [true].
20-Jan-2021 15:51:18.654 INFO [main] org.apache.catalina.core.AprLifecycleListener.lifecycleEvent APR/OpenSSL 설정: useAprConnector [false], useOpenSSL [true]
20-Jan-2021 15:51:18.668 INFO [main] org.apache.catalina.core.AprLifecycleListener.initializeSSL OpenSSL이 성공적으로 초기화되었습니다: [OpenSSL 1.1.1g  21 Apr 2020]
20-Jan-2021 15:51:19.312 INFO [main] org.apache.coyote.AbstractProtocol.init 프로토콜 핸들러 ["http-nio-8080"]을(를) 초기화합니다.
20-Jan-2021 15:51:19.776 INFO [main] org.apache.catalina.startup.Catalina.load [1863] 밀리초 내에 서버가 초기화되었습니다.
20-Jan-2021 15:51:19.975 INFO [main] org.apache.catalina.core.StandardService.startInternal 서비스 [Catalina]을(를) 시작합니다.
20-Jan-2021 15:51:19.981 INFO [main] org.apache.catalina.core.StandardEngine.startInternal 서버 엔진을 시작합니다: [Apache Tomcat/9.0.41]
20-Jan-2021 15:51:20.013 INFO [main] org.apache.catalina.startup.HostConfig.deployDirectory 웹 애플리케이션 디렉토리 [C:\JSP\apache-tomcat-9.0.41\webapps\docs]을(를) 배치합니다.
20-Jan-2021 15:51:20.926 WARNING [main] org.apache.catalina.util.SessionIdGeneratorBase.createSecureRandom [SHA1PRNG] 알고리즘을 사용하여, 세션 ID를 생성하기 위한 SecureRandom 객체를 생성하는데, [227] 밀리초가 소요됐습니다.
20-Jan-2021 15:51:21.000 INFO [main] org.apache.catalina.startup.HostConfig.deployDirectory 웹 애플리케이션 디렉토리 [C:\JSP\apache-tomcat-9.0.41\webapps\docs]에 대한 배치가 [985] 밀리초에 완료되었습니다.
20-Jan-2021 15:51:21.005 INFO [main] org.apache.catalina.startup.HostConfig.deployDirectory 웹 애플리케이션 디렉토리 [C:\JSP\apache-tomcat-9.0.41\webapps\examples]을(를) 배치합니다.
20-Jan-2021 15:51:22.835 INFO [main] org.apache.catalina.startup.HostConfig.deployDirectory 웹 애플리케이션 디렉토리 [C:\JSP\apache-tomcat-9.0.41\webapps\examples]에 대한 배치가 [1,829] 밀리초에 완료되었습니다.
20-Jan-2021 15:51:22.839 INFO [main] org.apache.catalina.startup.HostConfig.deployDirectory 웹 애플리케이션 디렉토리 [C:\JSP\apache-tomcat-9.0.41\webapps\host-manager]을(를) 배치합니다.
20-Jan-2021 15:51:23.027 INFO [main] org.apache.catalina.startup.HostConfig.deployDirectory 웹 애플리케이션 디렉토리 [C:\JSP\apache-tomcat-9.0.41\webapps\host-manager]에 대한 배치가 [189] 밀리초에 완료되었습니다.
20-Jan-2021 15:51:23.036 INFO [main] org.apache.catalina.startup.HostConfig.deployDirectory 웹 애플리케이션 디렉토리 [C:\JSP\apache-tomcat-9.0.41\webapps\manager]을(를) 배치합니다.
20-Jan-2021 15:51:23.215 INFO [main] org.apache.catalina.startup.HostConfig.deployDirectory 웹 애플리케이션 디렉토리 [C:\JSP\apache-tomcat-9.0.41\webapps\manager]에 대한 배치가 [179] 밀리초에 완료되었습니다.
20-Jan-2021 15:51:23.224 INFO [main] org.apache.catalina.startup.HostConfig.deployDirectory 웹 애플리케이션 디렉토리 [C:\JSP\apache-tomcat-9.0.41\webapps\ROOT]을(를) 배치합니다.
20-Jan-2021 15:51:23.384 INFO [main] org.apache.catalina.startup.HostConfig.deployDirectory 웹 애플리케이션 디렉토리 [C:\JSP\apache-tomcat-9.0.41\webapps\ROOT]에 대한 배치가 [162] 밀리초에 완료되었습니다.
20-Jan-2021 15:51:23.406 INFO [main] org.apache.coyote.AbstractProtocol.start 프로토콜 핸들러 ["http-nio-8080"]을(를) 시작합니다.
20-Jan-2021 15:51:23.470 INFO [main] org.apache.catalina.startup.Catalina.start 서버가 [3643] 밀리초 내에 시작되었습니다.
